2018-01-12 17:56:00,166 - main.py:20 - INFO - main - <module> - 本次测试开始执行，以下是详细日志
2018-01-12 17:56:07,926 - login_logout.py:31 - INFO - login_logout - test_user_login_test - test_admin_login_test start....
2018-01-12 17:56:23,489 - login_logout.py:31 - INFO - login_logout - test_user_login_test - test_admin_login_test start....
2018-01-12 17:56:37,349 - login_logout.py:31 - INFO - login_logout - test_user_login_test - test_admin_login_test start....
2018-01-12 17:56:44,979 - login_logout.py:42 - INFO - login_logout - test_user_login_test - test data is : admin, 123456, 退出
2018-01-12 17:56:45,282 - login_logout.py:47 - INFO - login_logout - test_user_login_test - ./screenshots/mypic_2018-01-12 17-56-44.png
2018-01-12 17:56:45,283 - login_logout.py:48 - INFO - login_logout - test_user_login_test - test_user_login_test end....
2018-01-12 17:56:53,180 - create_new_clients.py:21 - INFO - create_new_clients - setUp - 打开浏览器成功
2018-01-12 17:56:53,180 - create_new_clients.py:30 - INFO - create_new_clients - test_create_new_clients - test_create_new_clients start....
2018-01-12 17:57:26,038 - create_new_clients.py:66 - INFO - create_new_clients - test_create_new_clients - test data is : admin,123456
2018-01-12 17:57:26,349 - create_new_clients.py:71 - INFO - create_new_clients - test_create_new_clients - ./screenshots/mypic_2018-01-12 17-57-26.png

2018-01-12 17:57:36,112 - create_new_product.py:21 - INFO - create_new_product - setUp - 打开浏览器成功
2018-01-12 17:57:36,112 - create_new_product.py:30 - INFO - create_new_product - test_create_new_products - test_create_new_products start....
2018-01-12 17:58:13,428 - create_new_product.py:65 - INFO - create_new_product - test_create_new_products - test data is : admin,123456
2018-01-12 17:58:13,735 - create_new_product.py:70 - INFO - create_new_product - test_create_new_products - ./screenshots/mypic_2018-01-12 17-58-13.png
2018-01-12 17:58:13,736 - create_new_product.py:71 - INFO - create_new_product - test_create_new_products - test_create_new_products end....
2018-01-12 17:58:16,813 - create_new_product.py:26 - INFO - create_new_product - tearDown - 关闭浏览器成功
2018-01-12 17:58:23,480 - create_new_order.py:26 - INFO - create_new_order - test_create_new_order - test_create_new_order start....
2018-01-12 17:59:04,012 - create_new_order.py:58 - INFO - create_new_order - test_create_new_order - test data is : admin,123456
2018-01-12 17:59:04,399 - create_new_order.py:63 - INFO - create_new_order - test_create_new_order - ./screenshots/mypic_2018-01-12 17-59-04.png
2018-01-12 17:59:04,400 - create_new_order.py:64 - INFO - create_new_order - test_create_new_order - ttest_create_new_order end....
2018-01-12 17:59:14,044 - create_member.py:21 - INFO - create_member - setUp - 打开浏览器成功
2018-01-12 17:59:14,045 - create_member.py:30 - INFO - create_member - test_create_member - test_create_member start....
2018-01-12 17:59:36,940 - create_member.py:69 - INFO - create_member - test_create_member - test data is : admin,123456
2018-01-12 17:59:37,258 - create_member.py:74 - INFO - create_member - test_create_member - ./screenshots/mypic_2018-01-12 17-59-36.png
2018-01-12 17:59:37,258 - create_member.py:75 - INFO - create_member - test_create_member - test_create_member end....
2018-01-12 17:59:40,345 - create_member.py:26 - INFO - create_member - tearDown - 关闭浏览器成功
2018-01-12 17:59:45,811 - disable_activation.py:21 - INFO - disable_activation - setUp - 打开浏览器成功
2018-01-12 17:59:45,811 - disable_activation.py:30 - INFO - disable_activation - test_disable_activation - test_create_member start....
2018-01-12 18:00:12,167 - disable_activation.py:56 - INFO - disable_activation - test_disable_activation - test data is : admin,123456
2018-01-12 18:00:12,529 - disable_activation.py:61 - INFO - disable_activation - test_disable_activation - ./screenshots/mypic_2018-01-12 18-00-12.png
2018-01-12 18:00:12,529 - disable_activation.py:62 - INFO - disable_activation - test_disable_activation - test_MemberConfiguration_test end....
2018-01-12 18:00:15,593 - disable_activation.py:26 - INFO - disable_activation - tearDown - 关闭浏览器成功
2018-01-12 18:00:20,704 - cash_expenditure.py:20 - INFO - cash_expenditure - setUp - 打开浏览器成功
2018-01-12 18:00:20,705 - cash_expenditure.py:29 - INFO - cash_expenditure - test_cash_expenditure - test_cash_expenditure start....
2018-01-12 18:00:55,119 - cash_expenditure.py:68 - INFO - cash_expenditure - test_cash_expenditure - test data is : admin,123456
2018-01-12 18:00:55,496 - cash_expenditure.py:73 - INFO - cash_expenditure - test_cash_expenditure - ./screenshots/mypic_2018-01-12 18-00-55.png
2018-01-12 18:00:55,496 - cash_expenditure.py:74 - INFO - cash_expenditure - test_cash_expenditure - test_cash_expenditure end....
2018-01-12 18:01:03,569 - cash_expenditure.py:25 - INFO - cash_expenditure - tearDown - 关闭浏览器成功
2018-01-12 18:01:08,831 - cash_income.py:20 - INFO - cash_income - setUp - 打开浏览器成功
2018-01-12 18:01:08,832 - cash_income.py:29 - INFO - cash_income - test_cash_income - test_cash_income start....
2018-01-12 18:02:01,175 - cash_income.py:78 - INFO - cash_income - test_cash_income - test data is : admin,123456
2018-01-12 18:02:01,547 - cash_income.py:83 - INFO - cash_income - test_cash_income - ./screenshots/mypic_2018-01-12 18-02-01.png
2018-01-12 18:02:01,547 - cash_income.py:84 - INFO - cash_income - test_cash_income - test_cash_income end....
2018-01-12 18:02:09,612 - cash_income.py:25 - INFO - cash_income - tearDown - 关闭浏览器成功
2018-01-12 18:02:09,615 - main.py:41 - INFO - main - <module> - 测试顺利结束^_^ 
2018-01-20 09:21:05,059 - main.py:20 - INFO - main - <module> - 本次测试开始执行，以下是详细日志
2018-01-20 09:21:08,066 - main.py:45 - ERROR - main - <module> - Traceback (most recent call last):
  File "main.py", line 34, in <module>
    fp = open('reports/ranzhi{0}.html'.format(time.strftime("%Y-%m-%d %H-%M-%S")), 'wb')
FileNotFoundError: [Errno 2] No such file or directory: 'reports/ranzhi2018-01-20 09-21-08.html'

2018-01-20 09:21:08,067 - main.py:46 - ERROR - main - <module> - 测试异常终止
2018-01-20 09:23:00,599 - main.py:20 - INFO - main - <module> - 本次测试开始执行，以下是详细日志
2018-01-20 09:23:12,493 - main.py:21 - INFO - main - <module> - 本次测试开始执行，以下是详细日志
2018-01-20 09:23:17,213 - login_logout.py:31 - INFO - login_logout - test_user_login_test - test_admin_login_test start....
2018-01-20 09:23:22,089 - login_logout.py:31 - INFO - login_logout - test_user_login_test - test_admin_login_test start....
2018-01-20 09:23:26,778 - login_logout.py:31 - INFO - login_logout - test_user_login_test - test_admin_login_test start....
2018-01-20 09:23:33,494 - create_new_clients.py:21 - INFO - create_new_clients - setUp - 打开浏览器成功
2018-01-20 09:23:33,497 - create_new_clients.py:30 - INFO - create_new_clients - test_create_new_clients - test_create_new_clients start....
2018-01-20 09:24:06,469 - create_new_clients.py:66 - INFO - create_new_clients - test_create_new_clients - test data is : admin,123456
2018-01-20 09:24:06,832 - create_new_clients.py:69 - ERROR - create_new_clients - test_create_new_clients - 截图不成功
2018-01-20 09:24:06,834 - create_new_clients.py:72 - INFO - create_new_clients - test_create_new_clients - test_create_new_clients end....
2018-01-20 09:24:08,040 - create_new_clients.py:26 - INFO - create_new_clients - tearDown - 关闭浏览器成功
2018-01-20 09:24:09,739 - create_new_product.py:21 - INFO - create_new_product - setUp - 打开浏览器成功
2018-01-20 09:24:09,741 - create_new_product.py:30 - INFO - create_new_product - test_create_new_products - test_create_new_products start....
2018-01-20 09:24:47,957 - create_new_product.py:65 - INFO - create_new_product - test_create_new_products - test data is : admin,123456
2018-01-20 09:24:48,273 - create_new_product.py:68 - ERROR - create_new_product - test_create_new_products - 截图不成功
2018-01-20 09:24:48,274 - create_new_product.py:71 - INFO - create_new_product - test_create_new_products - test_create_new_products end....
2018-01-20 09:24:49,450 - create_new_product.py:26 - INFO - create_new_product - tearDown - 关闭浏览器成功
2018-01-20 09:24:51,056 - create_new_order.py:26 - INFO - create_new_order - test_create_new_order - test_create_new_order start....
2018-01-20 09:25:48,753 - create_member.py:21 - INFO - create_member - setUp - 打开浏览器成功
2018-01-20 09:25:48,756 - create_member.py:30 - INFO - create_member - test_create_member - test_create_member start....
2018-01-20 09:25:53,533 - create_member.py:26 - INFO - create_member - tearDown - 关闭浏览器成功
2018-01-20 09:25:55,169 - disable_activation.py:21 - INFO - disable_activation - setUp - 打开浏览器成功
2018-01-20 09:25:55,172 - disable_activation.py:30 - INFO - disable_activation - test_disable_activation - test_create_member start....
2018-01-20 09:26:42,498 - disable_activation.py:26 - INFO - disable_activation - tearDown - 关闭浏览器成功
2018-01-20 09:26:44,098 - cash_expenditure.py:20 - INFO - cash_expenditure - setUp - 打开浏览器成功
2018-01-20 09:26:44,102 - cash_expenditure.py:29 - INFO - cash_expenditure - test_cash_expenditure - test_cash_expenditure start....
2018-01-20 09:27:40,574 - cash_expenditure.py:25 - INFO - cash_expenditure - tearDown - 关闭浏览器成功
2018-01-20 09:27:42,341 - cash_income.py:20 - INFO - cash_income - setUp - 打开浏览器成功
2018-01-20 09:27:42,343 - cash_income.py:29 - INFO - cash_income - test_cash_income - test_cash_income start....
2018-01-20 09:28:40,452 - cash_income.py:25 - INFO - cash_income - tearDown - 关闭浏览器成功
2018-01-20 09:28:40,479 - main.py:44 - INFO - main - <module> - 测试顺利结束^_^ 
2018-01-20 09:48:54,395 - main.py:21 - INFO - main - <module> - 本次测试开始执行，以下是详细日志
2018-01-20 09:48:56,762 - login_logout.py:31 - INFO - login_logout - test_user_login_test - test_admin_login_test start....
2018-01-20 09:49:04,302 - login_logout.py:31 - INFO - login_logout - test_user_login_test - test_admin_login_test start....
2018-01-20 09:49:12,230 - login_logout.py:31 - INFO - login_logout - test_user_login_test - test_admin_login_test start....
2018-01-20 09:49:17,025 - login_logout.py:41 - INFO - login_logout - test_user_login_test - test data is : admin, 123456, 退出
2018-01-20 09:49:17,429 - login_logout.py:46 - INFO - login_logout - test_user_login_test - 截图成功
2018-01-20 09:49:17,431 - login_logout.py:47 - INFO - login_logout - test_user_login_test - test_user_login_test end....
2018-01-20 09:49:18,659 - main.py:46 - INFO - main - <module> - 测试顺利结束^_^ 
2018-01-20 09:51:11,736 - main.py:21 - INFO - main - <module> - 本次测试开始执行，以下是详细日志
2018-01-20 09:51:13,493 - login_logout.py:31 - INFO - login_logout - test_user_login_test - test_admin_login_test start....
2018-01-20 09:51:18,148 - login_logout.py:41 - INFO - login_logout - test_user_login_test - test data is : , 123456, 登录失败
2018-01-20 09:51:18,479 - login_logout.py:46 - INFO - login_logout - test_user_login_test - 截图成功
2018-01-20 09:51:18,482 - login_logout.py:47 - INFO - login_logout - test_user_login_test - test_user_login_test end....
2018-01-20 09:51:21,534 - login_logout.py:31 - INFO - login_logout - test_user_login_test - test_admin_login_test start....
2018-01-20 09:51:26,177 - login_logout.py:41 - INFO - login_logout - test_user_login_test - test data is : invalid, 123456, 登录失败
2018-01-20 09:51:26,508 - login_logout.py:46 - INFO - login_logout - test_user_login_test - 截图成功
2018-01-20 09:51:26,512 - login_logout.py:47 - INFO - login_logout - test_user_login_test - test_user_login_test end....
2018-01-20 09:51:29,460 - login_logout.py:31 - INFO - login_logout - test_user_login_test - test_admin_login_test start....
2018-01-20 09:51:34,246 - login_logout.py:41 - INFO - login_logout - test_user_login_test - test data is : admin, 123456, 退出
2018-01-20 09:51:34,644 - login_logout.py:46 - INFO - login_logout - test_user_login_test - 截图成功
2018-01-20 09:51:34,649 - login_logout.py:47 - INFO - login_logout - test_user_login_test - test_user_login_test end....
2018-01-20 09:51:35,874 - main.py:46 - INFO - main - <module> - 测试顺利结束^_^ 
2018-01-20 09:52:56,835 - main.py:21 - INFO - main - <module> - 本次测试开始执行，以下是详细日志
2018-01-20 09:52:58,760 - create_new_clients.py:21 - INFO - create_new_clients - setUp - 打开浏览器成功
2018-01-20 09:52:58,770 - create_new_clients.py:30 - INFO - create_new_clients - test_create_new_clients - test_create_new_clients start....
2018-01-20 09:53:31,108 - create_new_clients.py:66 - INFO - create_new_clients - test_create_new_clients - test data is : admin,123456
2018-01-20 09:53:31,459 - create_new_clients.py:71 - INFO - create_new_clients - test_create_new_clients - True
2018-01-20 09:53:31,462 - create_new_clients.py:72 - INFO - create_new_clients - test_create_new_clients - test_create_new_clients end....
2018-01-20 09:53:32,696 - create_new_clients.py:26 - INFO - create_new_clients - tearDown - 关闭浏览器成功
2018-01-20 09:53:32,710 - main.py:46 - INFO - main - <module> - 测试顺利结束^_^ 
